Release 14.7 - xst P.20131013 (nt64)
Copyright (c) 1995-2013 Xilinx, Inc.  All rights reserved.
--> Parameter TMPDIR set to xst/projnav.tmp


Total REAL time to Xst completion: 0.00 secs
Total CPU time to Xst completion: 0.15 secs
 
--> Parameter xsthdpdir set to xst


Total REAL time to Xst completion: 0.00 secs
Total CPU time to Xst completion: 0.15 secs
 
--> Reading design: BIT16MULTIPLIER.prj

TABLE OF CONTENTS
  1) Synthesis Options Summary
  2) HDL Compilation
  3) Design Hierarchy Analysis
  4) HDL Analysis
  5) HDL Synthesis
     5.1) HDL Synthesis Report
  6) Advanced HDL Synthesis
     6.1) Advanced HDL Synthesis Report
  7) Low Level Synthesis
  8) Partition Report
  9) Final Report
	9.1) Device utilization summary
	9.2) Partition Resource Summary
	9.3) TIMING REPORT


=========================================================================
*                      Synthesis Options Summary                        *
=========================================================================
---- Source Parameters
Input File Name                    : "BIT16MULTIPLIER.prj"
Input Format                       : mixed
Ignore Synthesis Constraint File   : NO

---- Target Parameters
Output File Name                   : "BIT16MULTIPLIER"
Output Format                      : NGC
Target Device                      : xc3s100e-4-vq100

---- Source Options
Top Module Name                    : BIT16MULTIPLIER
Automatic FSM Extraction           : YES
FSM Encoding Algorithm             : Auto
Safe Implementation                : No
FSM Style                          : LUT
RAM Extraction                     : Yes
RAM Style                          : Auto
ROM Extraction                     : Yes
Mux Style                          : Auto
Decoder Extraction                 : YES
Priority Encoder Extraction        : Yes
Shift Register Extraction          : YES
Logical Shifter Extraction         : YES
XOR Collapsing                     : YES
ROM Style                          : Auto
Mux Extraction                     : Yes
Resource Sharing                   : YES
Asynchronous To Synchronous        : NO
Multiplier Style                   : Auto
Automatic Register Balancing       : No

---- Target Options
Add IO Buffers                     : YES
Global Maximum Fanout              : 500
Add Generic Clock Buffer(BUFG)     : 24
Register Duplication               : YES
Slice Packing                      : YES
Optimize Instantiated Primitives   : NO
Use Clock Enable                   : Yes
Use Synchronous Set                : Yes
Use Synchronous Reset              : Yes
Pack IO Registers into IOBs        : Auto
Equivalent register Removal        : YES

---- General Options
Optimization Goal                  : Speed
Optimization Effort                : 1
Keep Hierarchy                     : No
Netlist Hierarchy                  : As_Optimized
RTL Output                         : Yes
Global Optimization                : AllClockNets
Read Cores                         : YES
Write Timing Constraints           : NO
Cross Clock Analysis               : NO
Hierarchy Separator                : /
Bus Delimiter                      : <>
Case Specifier                     : Maintain
Slice Utilization Ratio            : 100
BRAM Utilization Ratio             : 100
Verilog 2001                       : YES
Auto BRAM Packing                  : NO
Slice Utilization Ratio Delta      : 5

=========================================================================


=========================================================================
*                          HDL Compilation                              *
=========================================================================
Compiling verilog file "halfadder.v" in library work
Compiling verilog file "fulladder.v" in library work
Module <halfadder> compiled
Compiling verilog file "partialproduct16bit.v" in library work
Module <fulladder> compiled
Compiling verilog file "Highspeed4to2compressor.v" in library work
Module <partial16bit> compiled
Compiling verilog file "finaladder.v" in library work
Module <Highspeed4to2compressor> compiled
Compiling verilog file "exactcompressor.v" in library work
Module <finaladder> compiled
Compiling verilog file "Dualstagecompressor.v" in library work
Module <exactcompressor> compiled
Compiling verilog file "bit16multiplier.v" in library work
Module <Dualstagecompressor> compiled
Module <BIT16MULTIPLIER> compiled
No errors in compilation
Analysis of file <"BIT16MULTIPLIER.prj"> succeeded.
 

=========================================================================
*                     Design Hierarchy Analysis                         *
=========================================================================
Analyzing hierarchy for module <BIT16MULTIPLIER> in library <work>.

Analyzing hierarchy for module <partial16bit> in library <work>.

Analyzing hierarchy for module <halfadder> in library <work>.

Analyzing hierarchy for module <fulladder> in library <work>.

Analyzing hierarchy for module <Highspeed4to2compressor> in library <work>.

Analyzing hierarchy for module <Dualstagecompressor> in library <work>.

Analyzing hierarchy for module <exactcompressor> in library <work>.

Analyzing hierarchy for module <finaladder> in library <work>.

Analyzing hierarchy for module <halfadder> in library <work>.

Analyzing hierarchy for module <fulladder> in library <work>.


=========================================================================
*                            HDL Analysis                               *
=========================================================================
Analyzing top module <BIT16MULTIPLIER>.
Module <BIT16MULTIPLIER> is correct for synthesis.
 
Analyzing module <partial16bit> in library <work>.
Module <partial16bit> is correct for synthesis.
 
Analyzing module <halfadder> in library <work>.
Module <halfadder> is correct for synthesis.
 
Analyzing module <fulladder> in library <work>.
Module <fulladder> is correct for synthesis.
 
Analyzing module <Highspeed4to2compressor> in library <work>.
Module <Highspeed4to2compressor> is correct for synthesis.
 
Analyzing module <Dualstagecompressor> in library <work>.
Module <Dualstagecompressor> is correct for synthesis.
 
Analyzing module <exactcompressor> in library <work>.
Module <exactcompressor> is correct for synthesis.
 
Analyzing module <finaladder> in library <work>.
Module <finaladder> is correct for synthesis.
 

=========================================================================
*                           HDL Synthesis                               *
=========================================================================

Performing bidirectional port resolution...

Synthesizing Unit <partial16bit>.
    Related source file is "partialproduct16bit.v".
Unit <partial16bit> synthesized.


Synthesizing Unit <halfadder>.
    Related source file is "halfadder.v".
    Found 1-bit xor2 for signal <s>.
Unit <halfadder> synthesized.


Synthesizing Unit <fulladder>.
    Related source file is "fulladder.v".
    Found 1-bit xor3 for signal <s>.
    Summary:
	inferred   1 Xor(s).
Unit <fulladder> synthesized.


Synthesizing Unit <Highspeed4to2compressor>.
    Related source file is "Highspeed4to2compressor.v".
    Found 1-bit xor2 for signal <S$xor0000> created at line 26.
Unit <Highspeed4to2compressor> synthesized.


Synthesizing Unit <Dualstagecompressor>.
    Related source file is "Dualstagecompressor.v".
    Found 1-bit xor2 for signal <s$xor0000> created at line 25.
Unit <Dualstagecompressor> synthesized.


Synthesizing Unit <exactcompressor>.
    Related source file is "exactcompressor.v".
    Found 1-bit xor2 for signal <s>.
    Found 1-bit xor3 for signal <c$xor0000> created at line 26.
    Found 1-bit xor2 for signal <cout$xor0000> created at line 27.
    Summary:
	inferred   1 Xor(s).
Unit <exactcompressor> synthesized.


Synthesizing Unit <finaladder>.
    Related source file is "finaladder.v".
Unit <finaladder> synthesized.


Synthesizing Unit <BIT16MULTIPLIER>.
    Related source file is "bit16multiplier.v".
WARNING:Xst:646 - Signal <x<29>> is assigned but never used. This unconnected signal will be trimmed during the optimization process.
WARNING:Xst:646 - Signal <x<25>> is assigned but never used. This unconnected signal will be trimmed during the optimization process.
WARNING:Xst:646 - Signal <x<17>> is assigned but never used. This unconnected signal will be trimmed during the optimization process.
WARNING:Xst:646 - Signal <x<15>> is assigned but never used. This unconnected signal will be trimmed during the optimization process.
WARNING:Xst:646 - Signal <x<9>> is assigned but never used. This unconnected signal will be trimmed during the optimization process.
WARNING:Xst:646 - Signal <s<67:66>> is assigned but never used. This unconnected signal will be trimmed during the optimization process.
WARNING:Xst:646 - Signal <s<25>> is assigned but never used. This unconnected signal will be trimmed during the optimization process.
WARNING:Xst:646 - Signal <p<5:3>> is assigned but never used. This unconnected signal will be trimmed during the optimization process.
WARNING:Xst:646 - Signal <o<6>> is assigned but never used. This unconnected signal will be trimmed during the optimization process.
WARNING:Xst:646 - Signal <n<4>> is assigned but never used. This unconnected signal will be trimmed during the optimization process.
WARNING:Xst:646 - Signal <m<5:4>> is assigned but never used. This unconnected signal will be trimmed during the optimization process.
WARNING:Xst:646 - Signal <m<0>> is assigned but never used. This unconnected signal will be trimmed during the optimization process.
WARNING:Xst:646 - Signal <l<5>> is assigned but never used. This unconnected signal will be trimmed during the optimization process.
WARNING:Xst:646 - Signal <l<1:0>> is assigned but never used. This unconnected signal will be trimmed during the optimization process.
WARNING:Xst:646 - Signal <k<2:1>> is assigned but never used. This unconnected signal will be trimmed during the optimization process.
WARNING:Xst:646 - Signal <f<6>> is assigned but never used. This unconnected signal will be trimmed during the optimization process.
WARNING:Xst:646 - Signal <ci<0>> is assigned but never used. This unconnected signal will be trimmed during the optimization process.
WARNING:Xst:646 - Signal <c<137>> is assigned but never used. This unconnected signal will be trimmed during the optimization process.
WARNING:Xst:646 - Signal <c<109>> is assigned but never used. This unconnected signal will be trimmed during the optimization process.
WARNING:Xst:646 - Signal <c<96>> is assigned but never used. This unconnected signal will be trimmed during the optimization process.
WARNING:Xst:646 - Signal <c<24>> is assigned but never used. This unconnected signal will be trimmed during the optimization process.
Unit <BIT16MULTIPLIER> synthesized.


=========================================================================
HDL Synthesis Report

Macro Statistics
# Xors                                                 : 225
 1-bit xor2                                            : 154
 1-bit xor3                                            : 71

=========================================================================

=========================================================================
*                       Advanced HDL Synthesis                          *
=========================================================================


=========================================================================
Advanced HDL Synthesis Report

Macro Statistics
# Xors                                                 : 225
 1-bit xor2                                            : 154
 1-bit xor3                                            : 71

=========================================================================

=========================================================================
*                         Low Level Synthesis                           *
=========================================================================

Optimizing unit <BIT16MULTIPLIER> ...

Optimizing unit <finaladder> ...

Mapping all equations...
Building and optimizing final netlist ...
Found area constraint ratio of 100 (+ 5) on block BIT16MULTIPLIER, actual ratio is 36.

Final Macro Processing ...

=========================================================================
Final Register Report

Found no macro
=========================================================================

=========================================================================
*                           Partition Report                            *
=========================================================================

Partition Implementation Status
-------------------------------

  No Partitions were found in this design.

-------------------------------

=========================================================================
*                            Final Report                               *
=========================================================================
Final Results
RTL Top Level Output File Name     : BIT16MULTIPLIER.ngr
Top Level Output File Name         : BIT16MULTIPLIER
Output Format                      : NGC
Optimization Goal                  : Speed
Keep Hierarchy                     : No

Design Statistics
# IOs                              : 65

Cell Usage :
# BELS                             : 560
#      GND                         : 1
#      LUT2                        : 130
#      LUT3                        : 89
#      LUT4                        : 305
#      MUXF5                       : 35
# IO Buffers                       : 65
#      IBUF                        : 32
#      OBUF                        : 33
=========================================================================

Device utilization summary:
---------------------------

Selected Device : 3s100evq100-4 

 Number of Slices:                      296  out of    960    30%  
 Number of 4 input LUTs:                524  out of   1920    27%  
 Number of IOs:                          65
 Number of bonded IOBs:                  65  out of     66    98%  

---------------------------
Partition Resource Summary:
---------------------------

  No Partitions were found in this design.

---------------------------


=========================================================================
TIMING REPORT

NOTE: THESE TIMING NUMBERS ARE ONLY A SYNTHESIS ESTIMATE.
      FOR ACCURATE TIMING INFORMATION PLEASE REFER TO THE TRACE REPORT
      GENERATED AFTER PLACE-and-ROUTE.

Clock Information:
------------------
No clock signals found in this design

Asynchronous Control Signals Information:
----------------------------------------
No asynchronous control signals found in this design

Timing Summary:
---------------
Speed Grade: -4

   Minimum period: No path found
   Minimum input arrival time before clock: No path found
   Maximum output required time after clock: No path found
   Maximum combinational path delay: 44.846ns

Timing Detail:
--------------
All values displayed in nanoseconds (ns)

=========================================================================
Timing constraint: Default path analysis
  Total number of paths / destination ports: 87854 / 32
-------------------------------------------------------------------------
Delay:               44.846ns (Levels of Logic = 33)
  Source:            in<1> (PAD)
  Destination:       z<31> (PAD)

  Data Path: in<1> to z<31>
                                Gate     Net
    Cell:in->out      fanout   Delay   Delay  Logical Name (Net Name)
    ----------------------------------------  ------------
     IBUF:I->O            36   1.218   1.438  in_1_IBUF (in_1_IBUF)
     LUT2:I0->O            1   0.704   0.595  v1/a1_and00121 (b<3>)
     LUT4:I0->O            1   0.704   0.595  v5/S28 (v5/S28)
     LUT2:I0->O            3   0.704   0.706  v5/S40 (s<3>)
     LUT4:I0->O            2   0.704   0.526  x3/cout1 (c<70>)
     LUT4:I1->O            2   0.704   0.622  x45/Mxor_s_Result1 (s<112>)
     LUT4:I0->O            2   0.704   0.526  x71/v2/cout1 (x71/c<1>)
     LUT3:I1->O            2   0.704   0.526  x71/v3/cout1 (x71/c<2>)
     LUT3:I1->O            2   0.704   0.526  x71/v4/cout1 (x71/c<3>)
     LUT3:I1->O            2   0.704   0.526  x71/v5/cout1 (x71/c<4>)
     LUT3:I1->O            2   0.704   0.526  x71/v6/cout1 (x71/c<5>)
     LUT3:I1->O            2   0.704   0.526  x71/v7/cout1 (x71/c<6>)
     LUT3:I1->O            2   0.704   0.622  x71/v8/cout1 (x71/c<7>)
     LUT4:I0->O            2   0.704   0.622  x71/v9/cout1 (x71/c<8>)
     LUT4:I0->O            2   0.704   0.622  x71/v10/cout1 (x71/c<9>)
     LUT4:I0->O            2   0.704   0.622  x71/v11/cout1 (x71/c<10>)
     LUT4:I0->O            2   0.704   0.622  x71/v12/cout1 (x71/c<11>)
     LUT4:I0->O            2   0.704   0.526  x71/v13/cout1 (x71/c<12>)
     LUT3:I1->O            2   0.704   0.526  x71/v14/cout1 (x71/c<13>)
     LUT3:I1->O            2   0.704   0.526  x71/v15/cout1 (x71/c<14>)
     LUT3:I1->O            2   0.704   0.526  x71/v16/cout1 (x71/c<15>)
     LUT3:I1->O            2   0.704   0.526  x71/v17/cout1 (x71/c<16>)
     LUT3:I1->O            2   0.704   0.526  x71/v18/cout1 (x71/c<17>)
     LUT3:I1->O            2   0.704   0.526  x71/v19/cout1 (x71/c<18>)
     LUT3:I1->O            2   0.704   0.526  x71/v20/cout1 (x71/c<19>)
     LUT3:I1->O            2   0.704   0.526  x71/v21/cout1 (x71/c<20>)
     LUT3:I1->O            2   0.704   0.526  x71/v22/cout1 (x71/c<21>)
     LUT3:I1->O            2   0.704   0.526  x71/v23/cout1 (x71/c<22>)
     LUT3:I1->O            2   0.704   0.526  x71/v24/cout1 (x71/c<23>)
     LUT3:I1->O            2   0.704   0.526  x71/v25/cout1 (x71/c<24>)
     LUT3:I1->O            2   0.704   0.526  x71/v26/cout1 (x71/c<25>)
     LUT3:I1->O            1   0.704   0.420  x71/v27/cout1 (z_31_OBUF)
     OBUF:I->O                 3.272          z_31_OBUF (z<31>)
    ----------------------------------------
    Total                     44.846ns (26.314ns logic, 18.532ns route)
                                       (58.7% logic, 41.3% route)

=========================================================================


Total REAL time to Xst completion: 19.00 secs
Total CPU time to Xst completion: 19.04 secs
 
--> 

Total memory usage is 271032 kilobytes

Number of errors   :    0 (   0 filtered)
Number of warnings :   21 (   0 filtered)
Number of infos    :    0 (   0 filtered)

