Running: C:\Xilinx\14.7\ISE_DS\ISE\bin\nt\unwrapped\fuse.exe -intstyle ise -incremental -lib unisims_ver -lib unimacro_ver -lib xilinxcorelib_ver -o W:/July 2021/ratan raj/CODE/compressorproject/compressor/multiplier8x8_isim_beh.exe -prj W:/July 2021/ratan raj/CODE/compressorproject/compressor/multiplier8x8_beh.prj work.multiplier8x8 work.glbl 
ISim P.20131013 (signature 0x8ef4fb42)
Number of CPUs detected in this system: 4
Turning on mult-threading, number of parallel sub-compilation jobs: 8 
Determining compilation order of HDL files
Analyzing Verilog file "W:/July 2021/ratan raj/CODE/compressorproject/compressor/partialproduct.v" into library work
Analyzing Verilog file "W:/July 2021/ratan raj/CODE/compressorproject/compressor/Highspeed4to2compressor.v" into library work
Analyzing Verilog file "W:/July 2021/ratan raj/CODE/compressorproject/compressor/halfadder.v" into library work
Analyzing Verilog file "W:/July 2021/ratan raj/CODE/compressorproject/compressor/fulladder.v" into library work
Analyzing Verilog file "W:/July 2021/ratan raj/CODE/compressorproject/compressor/multiplier8x8.v" into library work
Analyzing Verilog file "C:/Xilinx/14.7/ISE_DS/ISE//verilog/src/glbl.v" into library work
Starting static elaboration
Completed static elaboration
Fuse Memory Usage: 120700 KB
Fuse CPU Usage: 264 ms
Compiling module partialproduct
Compiling module halfadder
Compiling module fulladder
Compiling module Highspeed4to2compressor
Compiling module multiplier8x8
Compiling module glbl
Time Resolution for simulation is 1ps.
Waiting for 1 sub-compilation(s) to finish...
Compiled 6 Verilog Units
Built simulation executable W:/July 2021/ratan raj/CODE/compressorproject/compressor/multiplier8x8_isim_beh.exe
Fuse Memory Usage: 146220 KB
Fuse CPU Usage: 374 ms
