Release 14.7 - xst P.20131013 (nt64)
Copyright (c) 1995-2013 Xilinx, Inc.  All rights reserved.
--> Parameter TMPDIR set to xst/projnav.tmp


Total REAL time to Xst completion: 0.00 secs
Total CPU time to Xst completion: 0.14 secs
 
--> Parameter xsthdpdir set to xst


Total REAL time to Xst completion: 0.00 secs
Total CPU time to Xst completion: 0.14 secs
 
--> Reading design: multiplier8x8.prj

TABLE OF CONTENTS
  1) Synthesis Options Summary
  2) HDL Compilation
  3) Design Hierarchy Analysis
  4) HDL Analysis
  5) HDL Synthesis
     5.1) HDL Synthesis Report
  6) Advanced HDL Synthesis
     6.1) Advanced HDL Synthesis Report
  7) Low Level Synthesis
  8) Partition Report
  9) Final Report
	9.1) Device utilization summary
	9.2) Partition Resource Summary
	9.3) TIMING REPORT


=========================================================================
*                      Synthesis Options Summary                        *
=========================================================================
---- Source Parameters
Input File Name                    : "multiplier8x8.prj"
Input Format                       : mixed
Ignore Synthesis Constraint File   : NO

---- Target Parameters
Output File Name                   : "multiplier8x8"
Output Format                      : NGC
Target Device                      : xc3s100e-4-vq100

---- Source Options
Top Module Name                    : multiplier8x8
Automatic FSM Extraction           : YES
FSM Encoding Algorithm             : Auto
Safe Implementation                : No
FSM Style                          : LUT
RAM Extraction                     : Yes
RAM Style                          : Auto
ROM Extraction                     : Yes
Mux Style                          : Auto
Decoder Extraction                 : YES
Priority Encoder Extraction        : Yes
Shift Register Extraction          : YES
Logical Shifter Extraction         : YES
XOR Collapsing                     : YES
ROM Style                          : Auto
Mux Extraction                     : Yes
Resource Sharing                   : YES
Asynchronous To Synchronous        : NO
Multiplier Style                   : Auto
Automatic Register Balancing       : No

---- Target Options
Add IO Buffers                     : YES
Global Maximum Fanout              : 500
Add Generic Clock Buffer(BUFG)     : 24
Register Duplication               : YES
Slice Packing                      : YES
Optimize Instantiated Primitives   : NO
Use Clock Enable                   : Yes
Use Synchronous Set                : Yes
Use Synchronous Reset              : Yes
Pack IO Registers into IOBs        : Auto
Equivalent register Removal        : YES

---- General Options
Optimization Goal                  : Speed
Optimization Effort                : 1
Keep Hierarchy                     : No
Netlist Hierarchy                  : As_Optimized
RTL Output                         : Yes
Global Optimization                : AllClockNets
Read Cores                         : YES
Write Timing Constraints           : NO
Cross Clock Analysis               : NO
Hierarchy Separator                : /
Bus Delimiter                      : <>
Case Specifier                     : Maintain
Slice Utilization Ratio            : 100
BRAM Utilization Ratio             : 100
Verilog 2001                       : YES
Auto BRAM Packing                  : NO
Slice Utilization Ratio Delta      : 5

=========================================================================


=========================================================================
*                          HDL Compilation                              *
=========================================================================
Compiling verilog file "partialproduct.v" in library work
Compiling verilog file "Highspeed4to2compressor.v" in library work
Module <partialproduct> compiled
Compiling verilog file "halfadder.v" in library work
Module <Highspeed4to2compressor> compiled
Compiling verilog file "fulladder.v" in library work
Module <halfadder> compiled
Compiling verilog file "multiplier8x8.v" in library work
Module <fulladder> compiled
Module <multiplier8x8> compiled
No errors in compilation
Analysis of file <"multiplier8x8.prj"> succeeded.
 

=========================================================================
*                     Design Hierarchy Analysis                         *
=========================================================================
Analyzing hierarchy for module <multiplier8x8> in library <work>.

Analyzing hierarchy for module <partialproduct> in library <work>.

Analyzing hierarchy for module <halfadder> in library <work>.

Analyzing hierarchy for module <fulladder> in library <work>.

Analyzing hierarchy for module <Highspeed4to2compressor> in library <work>.


=========================================================================
*                            HDL Analysis                               *
=========================================================================
Analyzing top module <multiplier8x8>.
Module <multiplier8x8> is correct for synthesis.
 
Analyzing module <partialproduct> in library <work>.
Module <partialproduct> is correct for synthesis.
 
Analyzing module <halfadder> in library <work>.
Module <halfadder> is correct for synthesis.
 
Analyzing module <fulladder> in library <work>.
Module <fulladder> is correct for synthesis.
 
Analyzing module <Highspeed4to2compressor> in library <work>.
Module <Highspeed4to2compressor> is correct for synthesis.
 

=========================================================================
*                           HDL Synthesis                               *
=========================================================================

Performing bidirectional port resolution...

Synthesizing Unit <partialproduct>.
    Related source file is "partialproduct.v".
Unit <partialproduct> synthesized.


Synthesizing Unit <halfadder>.
    Related source file is "halfadder.v".
    Found 1-bit xor2 for signal <s>.
Unit <halfadder> synthesized.


Synthesizing Unit <fulladder>.
    Related source file is "fulladder.v".
    Found 1-bit xor3 for signal <s>.
    Summary:
	inferred   1 Xor(s).
Unit <fulladder> synthesized.


Synthesizing Unit <Highspeed4to2compressor>.
    Related source file is "Highspeed4to2compressor.v".
    Found 1-bit xor2 for signal <S$xor0000> created at line 26.
Unit <Highspeed4to2compressor> synthesized.


Synthesizing Unit <multiplier8x8>.
    Related source file is "multiplier8x8.v".
WARNING:Xst:646 - Signal <p<62:61>> is assigned but never used. This unconnected signal will be trimmed during the optimization process.
WARNING:Xst:646 - Signal <p<55>> is assigned but never used. This unconnected signal will be trimmed during the optimization process.
WARNING:Xst:646 - Signal <p<9>> is assigned but never used. This unconnected signal will be trimmed during the optimization process.
WARNING:Xst:646 - Signal <c<41:31>> is assigned but never used. This unconnected signal will be trimmed during the optimization process.
Unit <multiplier8x8> synthesized.


=========================================================================
HDL Synthesis Report

Macro Statistics
# Xors                                                 : 44
 1-bit xor2                                            : 38
 1-bit xor3                                            : 6

=========================================================================

=========================================================================
*                       Advanced HDL Synthesis                          *
=========================================================================


=========================================================================
Advanced HDL Synthesis Report

Macro Statistics
# Xors                                                 : 44
 1-bit xor2                                            : 38
 1-bit xor3                                            : 6

=========================================================================

=========================================================================
*                         Low Level Synthesis                           *
=========================================================================

Optimizing unit <multiplier8x8> ...

Mapping all equations...
Building and optimizing final netlist ...
Found area constraint ratio of 100 (+ 5) on block multiplier8x8, actual ratio is 6.

Final Macro Processing ...

=========================================================================
Final Register Report

Found no macro
=========================================================================

=========================================================================
*                           Partition Report                            *
=========================================================================

Partition Implementation Status
-------------------------------

  No Partitions were found in this design.

-------------------------------

=========================================================================
*                            Final Report                               *
=========================================================================
Final Results
RTL Top Level Output File Name     : multiplier8x8.ngr
Top Level Output File Name         : multiplier8x8
Output Format                      : NGC
Optimization Goal                  : Speed
Keep Hierarchy                     : No

Design Statistics
# IOs                              : 33

Cell Usage :
# BELS                             : 101
#      GND                         : 1
#      LUT2                        : 17
#      LUT3                        : 9
#      LUT4                        : 69
#      MUXF5                       : 5
# IO Buffers                       : 33
#      IBUF                        : 16
#      OBUF                        : 17
=========================================================================

Device utilization summary:
---------------------------

Selected Device : 3s100evq100-4 

 Number of Slices:                       54  out of    960     5%  
 Number of 4 input LUTs:                 95  out of   1920     4%  
 Number of IOs:                          33
 Number of bonded IOBs:                  33  out of     66    50%  

---------------------------
Partition Resource Summary:
---------------------------

  No Partitions were found in this design.

---------------------------


=========================================================================
TIMING REPORT

NOTE: THESE TIMING NUMBERS ARE ONLY A SYNTHESIS ESTIMATE.
      FOR ACCURATE TIMING INFORMATION PLEASE REFER TO THE TRACE REPORT
      GENERATED AFTER PLACE-and-ROUTE.

Clock Information:
------------------
No clock signals found in this design

Asynchronous Control Signals Information:
----------------------------------------
No asynchronous control signals found in this design

Timing Summary:
---------------
Speed Grade: -4

   Minimum period: No path found
   Minimum input arrival time before clock: No path found
   Maximum output required time after clock: No path found
   Maximum combinational path delay: 12.123ns

Timing Detail:
--------------
All values displayed in nanoseconds (ns)

=========================================================================
Timing constraint: Default path analysis
  Total number of paths / destination ports: 425 / 16
-------------------------------------------------------------------------
Delay:               12.123ns (Levels of Logic = 7)
  Source:            a<6> (PAD)
  Destination:       x<9> (PAD)

  Data Path: a<6> to x<9>
                                Gate     Net
    Cell:in->out      fanout   Delay   Delay  Logical Name (Net Name)
    ----------------------------------------  ------------
     IBUF:I->O            14   1.218   1.175  a_6_IBUF (a_6_IBUF)
     LUT2:I0->O            2   0.704   0.622  v1/p_22_and00001 (p<22>)
     LUT4:I0->O            3   0.704   0.706  v9/cout1 (c<7>)
     LUT2:I0->O            1   0.704   0.595  v40/Mxor_S_xor0000_Result1 (v40/S_xor0000)
     LUT4:I0->O            1   0.704   0.595  v40/S7 (v40/S7)
     LUT4:I0->O            1   0.704   0.420  v32/Mxor_s_Result1 (x_9_OBUF)
     OBUF:I->O                 3.272          x_9_OBUF (x<9>)
    ----------------------------------------
    Total                     12.123ns (8.010ns logic, 4.113ns route)
                                       (66.1% logic, 33.9% route)

=========================================================================


Total REAL time to Xst completion: 10.00 secs
Total CPU time to Xst completion: 10.13 secs
 
--> 

Total memory usage is 260344 kilobytes

Number of errors   :    0 (   0 filtered)
Number of warnings :    4 (   0 filtered)
Number of infos    :    0 (   0 filtered)

