
*** Running vivado
    with args -log multiplier8x8.vds -m64 -mode batch -messageDb vivado.pb -source multiplier8x8.tcl


****** Vivado v2014.4 (64-bit)
  **** SW Build 1071353 on Tue Nov 18 18:24:04 MST 2014
  **** IP Build 1070531 on Tue Nov 18 01:10:18 MST 2014
    ** Copyright 1986-2014 Xilinx, Inc. All Rights Reserved.

source multiplier8x8.tcl
# set_param gui.test TreeTableDev
# debug::add_scope template.lib 1
# set_msg_config -id {HDL 9-1061} -limit 100000
# set_msg_config -id {HDL 9-1654} -limit 100000
# create_project -in_memory -part xc7a50ticsg325-1L
# set_param project.compositeFile.enableAutoGeneration 0
# set_param synth.vivado.isSynthRun true
# set_property webtalk.parent_dir {C:/Users/Rajat Raj/Desktop/4th SEM Notes/TK11887/CODE/compressor/project_1/project_1.cache/wt} [current_project]
# set_property parent.project_path {C:/Users/Rajat Raj/Desktop/4th SEM Notes/TK11887/CODE/compressor/project_1/project_1.xpr} [current_project]
# set_property default_lib xil_defaultlib [current_project]
# set_property target_language Verilog [current_project]
# read_verilog -library xil_defaultlib {
#   {C:/Users/Rajat Raj/Desktop/4th SEM Notes/TK11887/CODE/compressor/multiplier8x8.v}
#   {C:/Users/Rajat Raj/Desktop/4th SEM Notes/TK11887/CODE/compressor/partialproduct.v}
#   {C:/Users/Rajat Raj/Desktop/4th SEM Notes/TK11887/CODE/compressor/MULTIPLIER8X82.v}
#   {C:/Users/Rajat Raj/Desktop/4th SEM Notes/TK11887/CODE/compressor/halfadder.v}
#   {C:/Users/Rajat Raj/Desktop/4th SEM Notes/TK11887/CODE/compressor/fulladder.v}
#   {C:/Users/Rajat Raj/Desktop/4th SEM Notes/TK11887/CODE/compressor/partialproduct16bit.v}
#   {C:/Users/Rajat Raj/Desktop/4th SEM Notes/TK11887/CODE/compressor/Highspeed4to2compressor.v}
#   {C:/Users/Rajat Raj/Desktop/4th SEM Notes/TK11887/CODE/compressor/finaladder.v}
#   {C:/Users/Rajat Raj/Desktop/4th SEM Notes/TK11887/CODE/compressor/exactcompressor.v}
#   {C:/Users/Rajat Raj/Desktop/4th SEM Notes/TK11887/CODE/compressor/Dualstagecompressor.v}
#   {C:/Users/Rajat Raj/Desktop/4th SEM Notes/TK11887/CODE/compressor/bit16multiplier.v}
# }
# catch { write_hwdef -file multiplier8x8.hwdef }
INFO: [Vivado_Tcl 4-279] hardware handoff file cannot be generated as there is no block diagram instance in the design
# synth_design -top multiplier8x8 -part xc7a50ticsg325-1L
Command: synth_design -top multiplier8x8 -part xc7a50ticsg325-1L
Starting synth_design
Attempting to get a license for feature 'Synthesis' and/or device 'xc7a50ti'
INFO: [Common 17-349] Got license for feature 'Synthesis' and/or device 'xc7a50ti'
---------------------------------------------------------------------------------
Starting Synthesize : Time (s): cpu = 00:00:09 ; elapsed = 00:00:13 . Memory (MB): peak = 226.355 ; gain = 67.348
---------------------------------------------------------------------------------
INFO: [Synth 8-638] synthesizing module 'multiplier8x8' [C:/Users/Rajat Raj/Desktop/4th SEM Notes/TK11887/CODE/compressor/multiplier8x8.v:21]
INFO: [Synth 8-638] synthesizing module 'partialproduct' [C:/Users/Rajat Raj/Desktop/4th SEM Notes/TK11887/CODE/compressor/partialproduct.v:21]
INFO: [Synth 8-256] done synthesizing module 'partialproduct' (1#1) [C:/Users/Rajat Raj/Desktop/4th SEM Notes/TK11887/CODE/compressor/partialproduct.v:21]
INFO: [Synth 8-638] synthesizing module 'halfadder' [C:/Users/Rajat Raj/Desktop/4th SEM Notes/TK11887/CODE/compressor/halfadder.v:21]
INFO: [Synth 8-256] done synthesizing module 'halfadder' (2#1) [C:/Users/Rajat Raj/Desktop/4th SEM Notes/TK11887/CODE/compressor/halfadder.v:21]
INFO: [Synth 8-638] synthesizing module 'fulladder' [C:/Users/Rajat Raj/Desktop/4th SEM Notes/TK11887/CODE/compressor/fulladder.v:21]
INFO: [Synth 8-256] done synthesizing module 'fulladder' (3#1) [C:/Users/Rajat Raj/Desktop/4th SEM Notes/TK11887/CODE/compressor/fulladder.v:21]
INFO: [Synth 8-638] synthesizing module 'Highspeed4to2compressor' [C:/Users/Rajat Raj/Desktop/4th SEM Notes/TK11887/CODE/compressor/Highspeed4to2compressor.v:21]
INFO: [Synth 8-256] done synthesizing module 'Highspeed4to2compressor' (4#1) [C:/Users/Rajat Raj/Desktop/4th SEM Notes/TK11887/CODE/compressor/Highspeed4to2compressor.v:21]
INFO: [Synth 8-256] done synthesizing module 'multiplier8x8' (5#1) [C:/Users/Rajat Raj/Desktop/4th SEM Notes/TK11887/CODE/compressor/multiplier8x8.v:21]
---------------------------------------------------------------------------------
Finished Synthesize : Time (s): cpu = 00:00:11 ; elapsed = 00:00:17 . Memory (MB): peak = 260.328 ; gain = 101.320
---------------------------------------------------------------------------------
---------------------------------------------------------------------------------
Finished Constraint Validation : Time (s): cpu = 00:00:11 ; elapsed = 00:00:17 . Memory (MB): peak = 260.328 ; gain = 101.320
---------------------------------------------------------------------------------
---------------------------------------------------------------------------------
Start Loading Part and Timing Information
---------------------------------------------------------------------------------
Loading part: xc7a50ticsg325-1L
---------------------------------------------------------------------------------
Finished Loading Part and Timing Information : Time (s): cpu = 00:00:11 ; elapsed = 00:00:17 . Memory (MB): peak = 260.328 ; gain = 101.320
---------------------------------------------------------------------------------
---------------------------------------------------------------------------------
Finished RTL Optimization Phase 2 : Time (s): cpu = 00:00:12 ; elapsed = 00:00:17 . Memory (MB): peak = 267.734 ; gain = 108.727
---------------------------------------------------------------------------------

Report RTL Partitions: 
+-+--------------+------------+----------+
| |RTL Partition |Replication |Instances |
+-+--------------+------------+----------+
+-+--------------+------------+----------+
No constraint files found.
---------------------------------------------------------------------------------
Start RTL Component Statistics 
---------------------------------------------------------------------------------
Detailed RTL Component Info : 
+---XORs : 
	   2 Input      1 Bit         XORs := 38    
	   3 Input      1 Bit         XORs := 6     
---------------------------------------------------------------------------------
Finished RTL Component Statistics 
---------------------------------------------------------------------------------
---------------------------------------------------------------------------------
Start RTL Hierarchical Component Statistics 
---------------------------------------------------------------------------------
Hierarchical RTL Component report 
Module multiplier8x8 
Detailed RTL Component Info : 
Module partialproduct 
Detailed RTL Component Info : 
Module halfadder 
Detailed RTL Component Info : 
+---XORs : 
	   2 Input      1 Bit         XORs := 1     
Module fulladder 
Detailed RTL Component Info : 
+---XORs : 
	   3 Input      1 Bit         XORs := 1     
Module Highspeed4to2compressor 
Detailed RTL Component Info : 
+---XORs : 
	   2 Input      1 Bit         XORs := 1     
---------------------------------------------------------------------------------
Finished RTL Hierarchical Component Statistics
---------------------------------------------------------------------------------
---------------------------------------------------------------------------------
Start Part Resource Summary
---------------------------------------------------------------------------------
Loading clock regions from E:/Xilinx_Vivado_SDK_Win_2014.4_1119_1/Vivado/2014.4/data\parts/xilinx/artix7/artix7/xc7a50ti/ClockRegion.xml
Loading clock buffers from E:/Xilinx_Vivado_SDK_Win_2014.4_1119_1/Vivado/2014.4/data\parts/xilinx/artix7/artix7/xc7a50ti/ClockBuffers.xml
Loading clock placement rules from E:/Xilinx_Vivado_SDK_Win_2014.4_1119_1/Vivado/2014.4/data/parts/xilinx/artix7/ClockPlacerRules.xml
Loading package pin functions from E:/Xilinx_Vivado_SDK_Win_2014.4_1119_1/Vivado/2014.4/data\parts/xilinx/artix7/PinFunctions.xml...
Loading package from E:/Xilinx_Vivado_SDK_Win_2014.4_1119_1/Vivado/2014.4/data\parts/xilinx/artix7/artix7/xc7a50ti/csg325/Package.xml
Loading io standards from E:/Xilinx_Vivado_SDK_Win_2014.4_1119_1/Vivado/2014.4/data\./parts/xilinx/artix7/IOStandards.xml
Loading device configuration modes from E:/Xilinx_Vivado_SDK_Win_2014.4_1119_1/Vivado/2014.4/data\parts/xilinx/artix7/ConfigModes.xml
Part Resources:
DSPs: 120 (col length:60)
BRAMs: 150 (col length: RAMB18 60 RAMB36 30)
---------------------------------------------------------------------------------
Finished Part Resource Summary
---------------------------------------------------------------------------------
Start Parallel Synthesis Optimization  : Time (s): cpu = 00:00:18 ; elapsed = 00:00:27 . Memory (MB): peak = 398.039 ; gain = 239.031
---------------------------------------------------------------------------------
Start Cross Boundary Optimization
---------------------------------------------------------------------------------
---------------------------------------------------------------------------------
Finished Cross Boundary Optimization : Time (s): cpu = 00:00:18 ; elapsed = 00:00:27 . Memory (MB): peak = 398.039 ; gain = 239.031
---------------------------------------------------------------------------------
Finished Parallel Reinference  : Time (s): cpu = 00:00:18 ; elapsed = 00:00:27 . Memory (MB): peak = 398.039 ; gain = 239.031

Report RTL Partitions: 
+-+--------------+------------+----------+
| |RTL Partition |Replication |Instances |
+-+--------------+------------+----------+
+-+--------------+------------+----------+
---------------------------------------------------------------------------------
Start RAM, DSP and Shift Register Reporting
---------------------------------------------------------------------------------
---------------------------------------------------------------------------------
Finished RAM, DSP and Shift Register Reporting
---------------------------------------------------------------------------------
No constraint files found.
---------------------------------------------------------------------------------
Start Area Optimization
---------------------------------------------------------------------------------
---------------------------------------------------------------------------------
Finished Area Optimization : Time (s): cpu = 00:00:19 ; elapsed = 00:00:27 . Memory (MB): peak = 419.367 ; gain = 260.359
---------------------------------------------------------------------------------
---------------------------------------------------------------------------------
Finished Area Optimization : Time (s): cpu = 00:00:19 ; elapsed = 00:00:27 . Memory (MB): peak = 419.367 ; gain = 260.359
---------------------------------------------------------------------------------
Finished Parallel Area Optimization  : Time (s): cpu = 00:00:19 ; elapsed = 00:00:27 . Memory (MB): peak = 419.367 ; gain = 260.359

Report RTL Partitions: 
+-+--------------+------------+----------+
| |RTL Partition |Replication |Instances |
+-+--------------+------------+----------+
+-+--------------+------------+----------+
Finished Parallel Synthesis Optimization  : Time (s): cpu = 00:00:19 ; elapsed = 00:00:27 . Memory (MB): peak = 419.367 ; gain = 260.359
---------------------------------------------------------------------------------
Start Timing Optimization
---------------------------------------------------------------------------------
No constraint files found.
---------------------------------------------------------------------------------
Finished Timing Optimization : Time (s): cpu = 00:00:19 ; elapsed = 00:00:27 . Memory (MB): peak = 419.367 ; gain = 260.359
---------------------------------------------------------------------------------

Report RTL Partitions: 
+-+--------------+------------+----------+
| |RTL Partition |Replication |Instances |
+-+--------------+------------+----------+
+-+--------------+------------+----------+
---------------------------------------------------------------------------------
Start Technology Mapping
---------------------------------------------------------------------------------
---------------------------------------------------------------------------------
Finished Technology Mapping : Time (s): cpu = 00:00:19 ; elapsed = 00:00:28 . Memory (MB): peak = 419.367 ; gain = 260.359
---------------------------------------------------------------------------------

Report RTL Partitions: 
+-+--------------+------------+----------+
| |RTL Partition |Replication |Instances |
+-+--------------+------------+----------+
+-+--------------+------------+----------+
---------------------------------------------------------------------------------
Start IO Insertion
---------------------------------------------------------------------------------
---------------------------------------------------------------------------------
Start Flattening Before IO Insertion
---------------------------------------------------------------------------------
---------------------------------------------------------------------------------
Finished Flattening Before IO Insertion
---------------------------------------------------------------------------------
---------------------------------------------------------------------------------
Start Final Netlist Cleanup
---------------------------------------------------------------------------------
---------------------------------------------------------------------------------
Finished Final Netlist Cleanup
---------------------------------------------------------------------------------
---------------------------------------------------------------------------------
Finished IO Insertion : Time (s): cpu = 00:00:20 ; elapsed = 00:00:29 . Memory (MB): peak = 419.367 ; gain = 260.359
---------------------------------------------------------------------------------

Report Check Netlist: 
+------+------------------+-------+---------+-------+------------------+
|      |Item              |Errors |Warnings |Status |Description       |
+------+------------------+-------+---------+-------+------------------+
|1     |multi_driven_nets |      0|        0|Passed |Multi driven nets |
+------+------------------+-------+---------+-------+------------------+
---------------------------------------------------------------------------------
Start Renaming Generated Instances
---------------------------------------------------------------------------------
---------------------------------------------------------------------------------
Finished Renaming Generated Instances : Time (s): cpu = 00:00:20 ; elapsed = 00:00:29 . Memory (MB): peak = 419.367 ; gain = 260.359
---------------------------------------------------------------------------------

Report RTL Partitions: 
+-+--------------+------------+----------+
| |RTL Partition |Replication |Instances |
+-+--------------+------------+----------+
+-+--------------+------------+----------+
---------------------------------------------------------------------------------
Start Rebuilding User Hierarchy
---------------------------------------------------------------------------------
---------------------------------------------------------------------------------
Finished Rebuilding User Hierarchy : Time (s): cpu = 00:00:20 ; elapsed = 00:00:29 . Memory (MB): peak = 419.367 ; gain = 260.359
---------------------------------------------------------------------------------
---------------------------------------------------------------------------------
Start RAM, DSP and Shift Register Reporting
---------------------------------------------------------------------------------
---------------------------------------------------------------------------------
Finished RAM, DSP and Shift Register Reporting
---------------------------------------------------------------------------------
---------------------------------------------------------------------------------
Start Writing Synthesis Report
---------------------------------------------------------------------------------

Report BlackBoxes: 
+-+--------------+----------+
| |BlackBox name |Instances |
+-+--------------+----------+
+-+--------------+----------+

Report Cell Usage: 
+------+-----+------+
|      |Cell |Count |
+------+-----+------+
|1     |LUT2 |     7|
|2     |LUT4 |    23|
|3     |LUT5 |    11|
|4     |LUT6 |    20|
|5     |IBUF |    16|
|6     |OBUF |    17|
+------+-----+------+

Report Instance Areas: 
+------+---------+-------+------+
|      |Instance |Module |Cells |
+------+---------+-------+------+
|1     |top      |       |    94|
+------+---------+-------+------+
---------------------------------------------------------------------------------
Finished Writing Synthesis Report : Time (s): cpu = 00:00:20 ; elapsed = 00:00:29 . Memory (MB): peak = 419.367 ; gain = 260.359
---------------------------------------------------------------------------------
Synthesis finished with 0 errors, 0 critical warnings and 0 warnings.
Synthesis Optimization Runtime : Time (s): cpu = 00:00:00 ; elapsed = 00:00:25 . Memory (MB): peak = 419.367 ; gain = 246.500
Synthesis Optimization Complete : Time (s): cpu = 00:00:20 ; elapsed = 00:00:29 . Memory (MB): peak = 419.367 ; gain = 260.359
INFO: [Project 1-571] Translating synthesized netlist
INFO: [Netlist 29-17] Analyzing 16 Unisim elements for replacement
INFO: [Netlist 29-28] Unisim Transformation completed in 0 CPU seconds
INFO: [Project 1-570] Preparing netlist for logic optimization
INFO: [Opt 31-140] Inserted 0 IBUFs to IO ports without IO buffers.
INFO: [Opt 31-141] Inserted 0 OBUFs to IO ports without IO buffers.
INFO: [Opt 31-138] Pushed 0 inverter(s) to 0 load pin(s).
INFO: [Project 1-111] Unisim Transformation Summary:
No Unisim elements were transformed.

INFO: [Common 17-83] Releasing license: Synthesis
20 Infos, 0 Warnings, 0 Critical Warnings and 0 Errors encountered.
synth_design completed successfully
synth_design: Time (s): cpu = 00:00:20 ; elapsed = 00:00:29 . Memory (MB): peak = 470.824 ; gain = 297.973
# write_checkpoint -noxdef multiplier8x8.dcp
# catch { report_utilization -file multiplier8x8_utilization_synth.rpt -pb multiplier8x8_utilization_synth.pb }
report_utilization: Time (s): cpu = 00:00:00 ; elapsed = 00:00:00.046 . Memory (MB): peak = 470.824 ; gain = 0.000
INFO: [Common 17-206] Exiting Vivado at Fri Jul 23 10:00:51 2021...
