INFO: [VRFC 10-2263] Analyzing Verilog file "C:/Users/Rajat Raj/Desktop/4th SEM Notes/Approximate Multiplier Design/CODE/compressor/multiplier8x8.v" into library xil_defaultlib
INFO: [VRFC 10-311] analyzing module multiplier8x8
INFO: [VRFC 10-2263] Analyzing Verilog file "C:/Users/Rajat Raj/Desktop/4th SEM Notes/Approximate Multiplier Design/CODE/compressor/partialproduct.v" into library xil_defaultlib
INFO: [VRFC 10-311] analyzing module partialproduct
INFO: [VRFC 10-2263] Analyzing Verilog file "C:/Users/Rajat Raj/Desktop/4th SEM Notes/Approximate Multiplier Design/CODE/compressor/MULTIPLIER8X82.v" into library xil_defaultlib
INFO: [VRFC 10-311] analyzing module MULTIPLIER8X82
INFO: [VRFC 10-2263] Analyzing Verilog file "C:/Users/Rajat Raj/Desktop/4th SEM Notes/Approximate Multiplier Design/CODE/compressor/partialproduct16bit.v" into library xil_defaultlib
INFO: [VRFC 10-311] analyzing module partial16bit
INFO: [VRFC 10-2263] Analyzing Verilog file "C:/Users/Rajat Raj/Desktop/4th SEM Notes/Approximate Multiplier Design/CODE/compressor/halfadder.v" into library xil_defaultlib
INFO: [VRFC 10-311] analyzing module halfadder
INFO: [VRFC 10-2263] Analyzing Verilog file "C:/Users/Rajat Raj/Desktop/4th SEM Notes/Approximate Multiplier Design/CODE/compressor/fulladder.v" into library xil_defaultlib
INFO: [VRFC 10-311] analyzing module fulladder
INFO: [VRFC 10-2263] Analyzing Verilog file "C:/Users/Rajat Raj/Desktop/4th SEM Notes/Approximate Multiplier Design/CODE/compressor/Highspeed4to2compressor.v" into library xil_defaultlib
INFO: [VRFC 10-311] analyzing module Highspeed4to2compressor
INFO: [VRFC 10-2263] Analyzing Verilog file "C:/Users/Rajat Raj/Desktop/4th SEM Notes/Approximate Multiplier Design/CODE/compressor/finaladder.v" into library xil_defaultlib
INFO: [VRFC 10-311] analyzing module finaladder
INFO: [VRFC 10-2263] Analyzing Verilog file "C:/Users/Rajat Raj/Desktop/4th SEM Notes/Approximate Multiplier Design/CODE/compressor/exactcompressor.v" into library xil_defaultlib
INFO: [VRFC 10-311] analyzing module exactcompressor
INFO: [VRFC 10-2263] Analyzing Verilog file "C:/Users/Rajat Raj/Desktop/4th SEM Notes/Approximate Multiplier Design/CODE/compressor/Dualstagecompressor.v" into library xil_defaultlib
INFO: [VRFC 10-311] analyzing module Dualstagecompressor
INFO: [VRFC 10-2263] Analyzing Verilog file "C:/Users/Rajat Raj/Desktop/4th SEM Notes/Approximate Multiplier Design/CODE/compressor/bit16multiplier.v" into library xil_defaultlib
INFO: [VRFC 10-311] analyzing module BIT16MULTIPLIER
INFO: [VRFC 10-2263] Analyzing Verilog file "C:/Users/Rajat Raj/Desktop/4th SEM Notes/Approximate Multiplier Design/CODE/compressor/Approximate_Multiplier_Design/Approximate_Multiplier_Design.srcs/sim_1/new/tb_bit8.v" into library xil_defaultlib
INFO: [VRFC 10-311] analyzing module tb_bit8
INFO: [VRFC 10-2263] Analyzing Verilog file "C:/Users/Rajat Raj/Desktop/4th SEM Notes/Approximate Multiplier Design/CODE/compressor/Approximate_Multiplier_Design/Approximate_Multiplier_Design.srcs/sim_1/new/tb_bit8_2.v" into library xil_defaultlib
INFO: [VRFC 10-311] analyzing module tb_bit8_2
INFO: [VRFC 10-2263] Analyzing Verilog file "C:/Users/Rajat Raj/Desktop/4th SEM Notes/Approximate Multiplier Design/CODE/compressor/Approximate_Multiplier_Design/Approximate_Multiplier_Design.srcs/sim_1/new/tb_16bit.v" into library xil_defaultlib
INFO: [VRFC 10-311] analyzing module tb_16bit
INFO: [VRFC 10-2263] Analyzing Verilog file "C:/Users/Rajat Raj/Desktop/4th SEM Notes/Approximate Multiplier Design/CODE/compressor/Approximate_Multiplier_Design/Approximate_Multiplier_Design.sim/sim_1/behav/glbl.v" into library xil_defaultlib
INFO: [VRFC 10-311] analyzing module glbl
